
  .   ____          _            __ _ _
 /\\ / ___'_ __ _ _(_)_ __  __ _ \ \ \ \
( ( )\___ | '_ | '_| | '_ \/ _` | \ \ \ \
 \\/  ___)| |_)| | | | | || (_| |  ) ) ) )
  '  |____| .__|_| |_|_| |_\__, | / / / /
 =========|_|==============|___/=/_/_/_/

 :: Spring Boot ::                (v3.5.0)

2025-06-02T06:44:15.298-05:00  INFO 372079 --- [accesscontrolservice] [           main] [                                                 ] u.e.s.a.AccesscontrolserviceApplication  : Starting AccesscontrolserviceApplication v0.0.1-SNAPSHOT using Java 17.0.15 with PID 372079 (/home/julian/Documentos/Software 2/Papelera reto segundo corte/Reto-Segundo-Corte/Access Control Service/accesscontrolservice/target/accesscontrolservice-0.0.1-SNAPSHOT.jar started by julian in /home/julian/Documentos/Software 2/Papelera reto segundo corte/Reto-Segundo-Corte)
2025-06-02T06:44:15.323-05:00  INFO 372079 --- [accesscontrolservice] [           main] [                                                 ] u.e.s.a.AccesscontrolserviceApplication  : No active profile set, falling back to 1 default profile: "default"
2025-06-02T06:44:21.874-05:00  INFO 372079 --- [accesscontrolservice] [           main] [                                                 ] .s.d.r.c.RepositoryConfigurationDelegate : Multiple Spring Data modules found, entering strict repository configuration mode
2025-06-02T06:44:21.879-05:00  INFO 372079 --- [accesscontrolservice] [           main] [                                                 ] .s.d.r.c.RepositoryConfigurationDelegate : Bootstrapping Spring Data JPA repositories in DEFAULT mode.
2025-06-02T06:44:22.419-05:00  INFO 372079 --- [accesscontrolservice] [           main] [                                                 ] .RepositoryConfigurationExtensionSupport : Spring Data JPA - Could not safely identify store assignment for repository candidate interface uptc.edu.swii.accesscontrolservice.query.infrastructure.repositories.AccessQueryRepository; If you want this repository to be a JPA repository, consider annotating your entities with one of these annotations: jakarta.persistence.Entity, jakarta.persistence.MappedSuperclass (preferred), or consider extending one of the following types with your repository: org.springframework.data.jpa.repository.JpaRepository
2025-06-02T06:44:22.464-05:00  INFO 372079 --- [accesscontrolservice] [           main] [                                                 ] .s.d.r.c.RepositoryConfigurationDelegate : Finished Spring Data repository scanning in 555 ms. Found 1 JPA repository interface.
2025-06-02T06:44:22.504-05:00  INFO 372079 --- [accesscontrolservice] [           main] [                                                 ] .s.d.r.c.RepositoryConfigurationDelegate : Multiple Spring Data modules found, entering strict repository configuration mode
2025-06-02T06:44:22.505-05:00  INFO 372079 --- [accesscontrolservice] [           main] [                                                 ] .s.d.r.c.RepositoryConfigurationDelegate : Bootstrapping Spring Data MongoDB repositories in DEFAULT mode.
2025-06-02T06:44:22.529-05:00  INFO 372079 --- [accesscontrolservice] [           main] [                                                 ] .RepositoryConfigurationExtensionSupport : Spring Data MongoDB - Could not safely identify store assignment for repository candidate interface uptc.edu.swii.accesscontrolservice.command.infrastructure.repositories.AccessCommandRepository; If you want this repository to be a MongoDB repository, consider annotating your entities with one of these annotations: org.springframework.data.mongodb.core.mapping.Document (preferred), or consider extending one of the following types with your repository: org.springframework.data.mongodb.repository.MongoRepository
2025-06-02T06:44:22.537-05:00  INFO 372079 --- [accesscontrolservice] [           main] [                                                 ] .s.d.r.c.RepositoryConfigurationDelegate : Finished Spring Data repository scanning in 22 ms. Found 1 MongoDB repository interface.
2025-06-02T06:44:23.751-05:00  INFO 372079 --- [accesscontrolservice] [           main] [                                                 ] o.s.cloud.context.scope.GenericScope     : BeanFactory id=4bfa573d-508e-3c81-ac72-c37a1b287c1d
2025-06-02T06:44:26.784-05:00  INFO 372079 --- [accesscontrolservice] [           main] [                                                 ] o.s.b.w.embedded.tomcat.TomcatWebServer  : Tomcat initialized with port 8083 (http)
2025-06-02T06:44:26.840-05:00  INFO 372079 --- [accesscontrolservice] [           main] [                                                 ] o.apache.catalina.core.StandardService   : Starting service [Tomcat]
2025-06-02T06:44:26.840-05:00  INFO 372079 --- [accesscontrolservice] [           main] [                                                 ] o.apache.catalina.core.StandardEngine    : Starting Servlet engine: [Apache Tomcat/10.1.41]
2025-06-02T06:44:26.929-05:00  INFO 372079 --- [accesscontrolservice] [           main] [                                                 ] o.a.c.c.C.[Tomcat].[localhost].[/]       : Initializing Spring embedded WebApplicationContext
2025-06-02T06:44:26.933-05:00  INFO 372079 --- [accesscontrolservice] [           main] [                                                 ] w.s.c.ServletWebServerApplicationContext : Root WebApplicationContext: initialization completed in 11238 ms
2025-06-02T06:44:28.420-05:00  INFO 372079 --- [accesscontrolservice] [           main] [                                                 ] o.hibernate.jpa.internal.util.LogHelper  : HHH000204: Processing PersistenceUnitInfo [name: default]
2025-06-02T06:44:28.578-05:00  INFO 372079 --- [accesscontrolservice] [           main] [                                                 ] org.hibernate.Version                    : HHH000412: Hibernate ORM core version 6.6.15.Final
2025-06-02T06:44:28.690-05:00  INFO 372079 --- [accesscontrolservice] [           main] [                                                 ] o.h.c.internal.RegionFactoryInitiator    : HHH000026: Second-level cache disabled
2025-06-02T06:44:29.606-05:00  INFO 372079 --- [accesscontrolservice] [           main] [                                                 ] o.s.o.j.p.SpringPersistenceUnitInfo      : No LoadTimeWeaver setup: ignoring JPA class transformer
2025-06-02T06:44:29.729-05:00  INFO 372079 --- [accesscontrolservice] [           main] [                                                 ] com.zaxxer.hikari.HikariDataSource       : HikariPool-1 - Starting...
2025-06-02T06:44:30.180-05:00  INFO 372079 --- [accesscontrolservice] [           main] [                                                 ] com.zaxxer.hikari.pool.HikariPool        : HikariPool-1 - Added connection org.postgresql.jdbc.PgConnection@22846a1d
2025-06-02T06:44:30.184-05:00  INFO 372079 --- [accesscontrolservice] [           main] [                                                 ] com.zaxxer.hikari.HikariDataSource       : HikariPool-1 - Start completed.
2025-06-02T06:44:30.411-05:00  WARN 372079 --- [accesscontrolservice] [           main] [                                                 ] org.hibernate.orm.deprecation            : HHH90000025: PostgreSQLDialect does not need to be specified explicitly using 'hibernate.dialect' (remove the property setting and it will be selected by default)
2025-06-02T06:44:30.553-05:00  INFO 372079 --- [accesscontrolservice] [           main] [                                                 ] org.hibernate.orm.connections.pooling    : HHH10001005: Database info:
	Database JDBC URL [Connecting through datasource 'HikariDataSource (HikariPool-1)']
	Database driver: undefined/unknown
	Database version: 13.21
	Autocommit mode: undefined/unknown
	Isolation level: undefined/unknown
	Minimum pool size: undefined/unknown
	Maximum pool size: undefined/unknown
2025-06-02T06:44:32.905-05:00  INFO 372079 --- [accesscontrolservice] [           main] [                                                 ] o.h.e.t.j.p.i.JtaPlatformInitiator       : HHH000489: No JTA platform available (set 'hibernate.transaction.jta.platform' to enable JTA platform integration)
2025-06-02T06:44:33.395-05:00  INFO 372079 --- [accesscontrolservice] [           main] [                                                 ] j.LocalContainerEntityManagerFactoryBean : Initialized JPA EntityManagerFactory for persistence unit 'default'
2025-06-02T06:44:35.313-05:00  INFO 372079 --- [accesscontrolservice] [           main] [                                                 ] org.mongodb.driver.client                : MongoClient with metadata {"driver": {"name": "mongo-java-driver|sync|spring-boot", "version": "5.4.0"}, "os": {"type": "Linux", "name": "Linux", "architecture": "amd64", "version": "6.11.0-26-generic"}, "platform": "Java/Ubuntu/17.0.15+6-Ubuntu-0ubuntu124.04"} created with settings MongoClientSettings{readPreference=primary, writeConcern=WriteConcern{w=null, wTimeout=null ms, journal=null}, retryWrites=true, retryReads=true, readConcern=ReadConcern{level=null}, credential=MongoCredential{mechanism=null, userName='admin', source='admin', password=<hidden>, mechanismProperties=<hidden>}, transportSettings=null, commandListeners=[io.micrometer.core.instrument.binder.mongodb.MongoMetricsCommandListener@19e67cc2], codecRegistry=ProvidersCodecRegistry{codecProviders=[ValueCodecProvider{}, BsonValueCodecProvider{}, DBRefCodecProvider{}, DBObjectCodecProvider{}, DocumentCodecProvider{}, CollectionCodecProvider{}, IterableCodecProvider{}, MapCodecProvider{}, GeoJsonCodecProvider{}, GridFSFileCodecProvider{}, Jsr310CodecProvider{}, JsonObjectCodecProvider{}, BsonCodecProvider{}, EnumCodecProvider{}, com.mongodb.client.model.mql.ExpressionCodecProvider@2700f556, com.mongodb.Jep395RecordCodecProvider@6def1699, com.mongodb.KotlinCodecProvider@64dbb343]}, loggerSettings=LoggerSettings{maxDocumentLength=1000}, clusterSettings={hosts=[localhost:27018], srvServiceName=mongodb, mode=SINGLE, requiredClusterType=UNKNOWN, requiredReplicaSetName='null', serverSelector='null', clusterListeners='[]', serverSelectionTimeout='30000 ms', localThreshold='15 ms'}, socketSettings=SocketSettings{connectTimeoutMS=10000, readTimeoutMS=0, receiveBufferSize=0, proxySettings=ProxySettings{host=null, port=null, username=null, password=null}}, heartbeatSocketSettings=SocketSettings{connectTimeoutMS=10000, readTimeoutMS=10000, receiveBufferSize=0, proxySettings=ProxySettings{host=null, port=null, username=null, password=null}}, connectionPoolSettings=ConnectionPoolSettings{maxSize=100, minSize=0, maxWaitTimeMS=120000, maxConnectionLifeTimeMS=0, maxConnectionIdleTimeMS=0, maintenanceInitialDelayMS=0, maintenanceFrequencyMS=60000, connectionPoolListeners=[io.micrometer.core.instrument.binder.mongodb.MongoMetricsConnectionPoolListener@17fbbf0a], maxConnecting=2}, serverSettings=ServerSettings{heartbeatFrequencyMS=10000, minHeartbeatFrequencyMS=500, serverMonitoringMode=AUTO, serverListeners='[]', serverMonitorListeners='[]'}, sslSettings=SslSettings{enabled=false, invalidHostNameAllowed=false, context=null}, applicationName='null', compressorList=[], uuidRepresentation=JAVA_LEGACY, serverApi=null, autoEncryptionSettings=null, dnsClient=null, inetAddressResolver=null, contextProvider=null, timeoutMS=null}
2025-06-02T06:44:35.410-05:00  INFO 372079 --- [accesscontrolservice] [localhost:27018] [                                                 ] org.mongodb.driver.cluster               : Monitor thread successfully connected to server with description ServerDescription{address=localhost:27018, type=STANDALONE, cryptd=false, state=CONNECTED, ok=true, minWireVersion=0, maxWireVersion=9, maxDocumentSize=16777216, logicalSessionTimeoutMinutes=30, roundTripTimeNanos=132410114, minRoundTripTimeNanos=0}
2025-06-02T06:44:35.701-05:00  WARN 372079 --- [accesscontrolservice] [           main] [                                                 ] o.s.data.convert.CustomConversions       : Registering converter from interface java.util.List to interface org.springframework.data.domain.Vector as reading converter although it doesn't convert from a store-supported type; You might want to check your annotation setup at the converter implementation
2025-06-02T06:44:35.854-05:00  WARN 372079 --- [accesscontrolservice] [           main] [                                                 ] o.s.data.convert.CustomConversions       : Registering converter from interface java.util.List to interface org.springframework.data.domain.Vector as reading converter although it doesn't convert from a store-supported type; You might want to check your annotation setup at the converter implementation
2025-06-02T06:44:37.975-05:00  WARN 372079 --- [accesscontrolservice] [           main] [                                                 ] JpaBaseConfiguration$JpaWebConfiguration : spring.jpa.open-in-view is enabled by default. Therefore, database queries may be performed during view rendering. Explicitly configure spring.jpa.open-in-view to disable this warning
2025-06-02T06:44:41.188-05:00  INFO 372079 --- [accesscontrolservice] [           main] [                                                 ] o.s.b.a.e.web.EndpointLinksResolver      : Exposing 4 endpoints beneath base path '/actuator'
2025-06-02T06:44:41.391-05:00  WARN 372079 --- [accesscontrolservice] [           main] [                                                 ] .s.s.UserDetailsServiceAutoConfiguration : 

Using generated security password: a3cd2871-61a9-4498-9ea4-79eba6951fc8

This generated password is for development use only. Your security configuration must be updated before running your application in production.

2025-06-02T06:44:41.473-05:00  INFO 372079 --- [accesscontrolservice] [           main] [                                                 ] r$InitializeUserDetailsManagerConfigurer : Global AuthenticationManager configured with UserDetailsService bean with name inMemoryUserDetailsManager
2025-06-02T06:44:42.829-05:00  INFO 372079 --- [accesscontrolservice] [           main] [                                                 ] o.s.v.b.OptionalValidatorFactoryBean     : Failed to set up a Bean Validation provider: jakarta.validation.NoProviderFoundException: Unable to create a Configuration, because no Jakarta Bean Validation provider could be found. Add a provider like Hibernate Validator (RI) to your classpath.
2025-06-02T06:44:45.804-05:00  WARN 372079 --- [accesscontrolservice] [           main] [                                                 ] iguration$LoadBalancerCaffeineWarnLogger : Spring Cloud LoadBalancer is currently working with the default cache. While this cache implementation is useful for development and tests, it's recommended to use Caffeine cache in production.You can switch to using Caffeine cache, by adding it and org.springframework.cache.caffeine.CaffeineCacheManager to the classpath.
2025-06-02T06:44:46.382-05:00  INFO 372079 --- [accesscontrolservice] [           main] [                                                 ] o.a.k.clients.admin.AdminClientConfig    : AdminClientConfig values: 
	auto.include.jmx.reporter = true
	bootstrap.controllers = []
	bootstrap.servers = [localhost:29092]
	client.dns.lookup = use_all_dns_ips
	client.id = accesscontrolservice-admin-0
	connections.max.idle.ms = 300000
	default.api.timeout.ms = 60000
	enable.metrics.push = true
	metadata.max.age.ms = 300000
	metadata.recovery.strategy = none
	metric.reporters = []
	metrics.num.samples = 2
	metrics.recording.level = INFO
	metrics.sample.window.ms = 30000
	receive.buffer.bytes = 65536
	reconnect.backoff.max.ms = 1000
	reconnect.backoff.ms = 50
	request.timeout.ms = 30000
	retries = 2147483647
	retry.backoff.max.ms = 1000
	retry.backoff.ms = 100
	sasl.client.callback.handler.class = null
	sasl.jaas.config = null
	sasl.kerberos.kinit.cmd = /usr/bin/kinit
	sasl.kerberos.min.time.before.relogin = 60000
	sasl.kerberos.service.name = null
	sasl.kerberos.ticket.renew.jitter = 0.05
	sasl.kerberos.ticket.renew.window.factor = 0.8
	sasl.login.callback.handler.class = null
	sasl.login.class = null
	sasl.login.connect.timeout.ms = null
	sasl.login.read.timeout.ms = null
	sasl.login.refresh.buffer.seconds = 300
	sasl.login.refresh.min.period.seconds = 60
	sasl.login.refresh.window.factor = 0.8
	sasl.login.refresh.window.jitter = 0.05
	sasl.login.retry.backoff.max.ms = 10000
	sasl.login.retry.backoff.ms = 100
	sasl.mechanism = GSSAPI
	sasl.oauthbearer.clock.skew.seconds = 30
	sasl.oauthbearer.expected.audience = null
	sasl.oauthbearer.expected.issuer = null
	sasl.oauthbearer.header.urlencode = false
	sasl.oauthbearer.jwks.endpoint.refresh.ms = 3600000
	sasl.oauthbearer.jwks.endpoint.retry.backoff.max.ms = 10000
	sasl.oauthbearer.jwks.endpoint.retry.backoff.ms = 100
	sasl.oauthbearer.jwks.endpoint.url = null
	sasl.oauthbearer.scope.claim.name = scope
	sasl.oauthbearer.sub.claim.name = sub
	sasl.oauthbearer.token.endpoint.url = null
	security.protocol = PLAINTEXT
	security.providers = null
	send.buffer.bytes = 131072
	socket.connection.setup.timeout.max.ms = 30000
	socket.connection.setup.timeout.ms = 10000
	ssl.cipher.suites = null
	ssl.enabled.protocols = [TLSv1.2, TLSv1.3]
	ssl.endpoint.identification.algorithm = https
	ssl.engine.factory.class = null
	ssl.key.password = null
	ssl.keymanager.algorithm = SunX509
	ssl.keystore.certificate.chain = null
	ssl.keystore.key = null
	ssl.keystore.location = null
	ssl.keystore.password = null
	ssl.keystore.type = JKS
	ssl.protocol = TLSv1.3
	ssl.provider = null
	ssl.secure.random.implementation = null
	ssl.trustmanager.algorithm = PKIX
	ssl.truststore.certificates = null
	ssl.truststore.location = null
	ssl.truststore.password = null
	ssl.truststore.type = JKS

2025-06-02T06:44:46.836-05:00  INFO 372079 --- [accesscontrolservice] [           main] [                                                 ] o.a.kafka.common.utils.AppInfoParser     : Kafka version: 3.9.1
2025-06-02T06:44:46.837-05:00  INFO 372079 --- [accesscontrolservice] [           main] [                                                 ] o.a.kafka.common.utils.AppInfoParser     : Kafka commitId: f745dfdcee2b9851
2025-06-02T06:44:46.837-05:00  INFO 372079 --- [accesscontrolservice] [           main] [                                                 ] o.a.kafka.common.utils.AppInfoParser     : Kafka startTimeMs: 1748864686821
2025-06-02T06:44:49.423-05:00  INFO 372079 --- [accesscontrolservice] [service-admin-0] [                                                 ] o.a.kafka.common.utils.AppInfoParser     : App info kafka.admin.client for accesscontrolservice-admin-0 unregistered
2025-06-02T06:44:49.462-05:00  INFO 372079 --- [accesscontrolservice] [service-admin-0] [                                                 ] o.apache.kafka.common.metrics.Metrics    : Metrics scheduler closed
2025-06-02T06:44:49.462-05:00  INFO 372079 --- [accesscontrolservice] [service-admin-0] [                                                 ] o.apache.kafka.common.metrics.Metrics    : Closing reporter org.apache.kafka.common.metrics.JmxReporter
2025-06-02T06:44:49.463-05:00  INFO 372079 --- [accesscontrolservice] [service-admin-0] [                                                 ] o.apache.kafka.common.metrics.Metrics    : Metrics reporters closed
2025-06-02T06:44:49.585-05:00  INFO 372079 --- [accesscontrolservice] [           main] [                                                 ] o.s.b.w.embedded.tomcat.TomcatWebServer  : Tomcat started on port 8083 (http) with context path '/'
2025-06-02T06:44:49.756-05:00  INFO 372079 --- [accesscontrolservice] [           main] [                                                 ] o.a.k.clients.consumer.ConsumerConfig    : ConsumerConfig values: 
	allow.auto.create.topics = true
	auto.commit.interval.ms = 5000
	auto.include.jmx.reporter = true
	auto.offset.reset = earliest
	bootstrap.servers = [localhost:29092]
	check.crcs = true
	client.dns.lookup = use_all_dns_ips
	client.id = consumer-access-group-1
	client.rack = 
	connections.max.idle.ms = 540000
	default.api.timeout.ms = 60000
	enable.auto.commit = false
	enable.metrics.push = true
	exclude.internal.topics = true
	fetch.max.bytes = 52428800
	fetch.max.wait.ms = 500
	fetch.min.bytes = 1
	group.id = access-group
	group.instance.id = null
	group.protocol = classic
	group.remote.assignor = null
	heartbeat.interval.ms = 3000
	interceptor.classes = []
	internal.leave.group.on.close = true
	internal.throw.on.fetch.stable.offset.unsupported = false
	isolation.level = read_uncommitted
	key.deserializer = class org.apache.kafka.common.serialization.StringDeserializer
	max.partition.fetch.bytes = 1048576
	max.poll.interval.ms = 300000
	max.poll.records = 500
	metadata.max.age.ms = 300000
	metadata.recovery.strategy = none
	metric.reporters = []
	metrics.num.samples = 2
	metrics.recording.level = INFO
	metrics.sample.window.ms = 30000
	partition.assignment.strategy = [class org.apache.kafka.clients.consumer.RangeAssignor, class org.apache.kafka.clients.consumer.CooperativeStickyAssignor]
	receive.buffer.bytes = 65536
	reconnect.backoff.max.ms = 1000
	reconnect.backoff.ms = 50
	request.timeout.ms = 30000
	retry.backoff.max.ms = 1000
	retry.backoff.ms = 100
	sasl.client.callback.handler.class = null
	sasl.jaas.config = null
	sasl.kerberos.kinit.cmd = /usr/bin/kinit
	sasl.kerberos.min.time.before.relogin = 60000
	sasl.kerberos.service.name = null
	sasl.kerberos.ticket.renew.jitter = 0.05
	sasl.kerberos.ticket.renew.window.factor = 0.8
	sasl.login.callback.handler.class = null
	sasl.login.class = null
	sasl.login.connect.timeout.ms = null
	sasl.login.read.timeout.ms = null
	sasl.login.refresh.buffer.seconds = 300
	sasl.login.refresh.min.period.seconds = 60
	sasl.login.refresh.window.factor = 0.8
	sasl.login.refresh.window.jitter = 0.05
	sasl.login.retry.backoff.max.ms = 10000
	sasl.login.retry.backoff.ms = 100
	sasl.mechanism = GSSAPI
	sasl.oauthbearer.clock.skew.seconds = 30
	sasl.oauthbearer.expected.audience = null
	sasl.oauthbearer.expected.issuer = null
	sasl.oauthbearer.header.urlencode = false
	sasl.oauthbearer.jwks.endpoint.refresh.ms = 3600000
	sasl.oauthbearer.jwks.endpoint.retry.backoff.max.ms = 10000
	sasl.oauthbearer.jwks.endpoint.retry.backoff.ms = 100
	sasl.oauthbearer.jwks.endpoint.url = null
	sasl.oauthbearer.scope.claim.name = scope
	sasl.oauthbearer.sub.claim.name = sub
	sasl.oauthbearer.token.endpoint.url = null
	security.protocol = PLAINTEXT
	security.providers = null
	send.buffer.bytes = 131072
	session.timeout.ms = 45000
	socket.connection.setup.timeout.max.ms = 30000
	socket.connection.setup.timeout.ms = 10000
	ssl.cipher.suites = null
	ssl.enabled.protocols = [TLSv1.2, TLSv1.3]
	ssl.endpoint.identification.algorithm = https
	ssl.engine.factory.class = null
	ssl.key.password = null
	ssl.keymanager.algorithm = SunX509
	ssl.keystore.certificate.chain = null
	ssl.keystore.key = null
	ssl.keystore.location = null
	ssl.keystore.password = null
	ssl.keystore.type = JKS
	ssl.protocol = TLSv1.3
	ssl.provider = null
	ssl.secure.random.implementation = null
	ssl.trustmanager.algorithm = PKIX
	ssl.truststore.certificates = null
	ssl.truststore.location = null
	ssl.truststore.password = null
	ssl.truststore.type = JKS
	value.deserializer = class org.springframework.kafka.support.serializer.JsonDeserializer

2025-06-02T06:44:49.961-05:00  INFO 372079 --- [accesscontrolservice] [           main] [                                                 ] o.a.k.c.t.i.KafkaMetricsCollector        : initializing Kafka metrics collector
2025-06-02T06:44:50.617-05:00  INFO 372079 --- [accesscontrolservice] [           main] [                                                 ] o.a.kafka.common.utils.AppInfoParser     : Kafka version: 3.9.1
2025-06-02T06:44:50.617-05:00  INFO 372079 --- [accesscontrolservice] [           main] [                                                 ] o.a.kafka.common.utils.AppInfoParser     : Kafka commitId: f745dfdcee2b9851
2025-06-02T06:44:50.617-05:00  INFO 372079 --- [accesscontrolservice] [           main] [                                                 ] o.a.kafka.common.utils.AppInfoParser     : Kafka startTimeMs: 1748864690614
2025-06-02T06:44:50.723-05:00  INFO 372079 --- [accesscontrolservice] [           main] [                                                 ] o.a.k.c.c.i.ClassicKafkaConsumer         : [Consumer clientId=consumer-access-group-1, groupId=access-group] Subscribed to topic(s): access-events
2025-06-02T06:44:50.896-05:00  INFO 372079 --- [accesscontrolservice] [ntainer#0-0-C-1] [                                                 ] org.apache.kafka.clients.Metadata        : [Consumer clientId=consumer-access-group-1, groupId=access-group] Cluster ID: za38rWACTWWQx8dhVRvrLg
2025-06-02T06:44:50.935-05:00  INFO 372079 --- [accesscontrolservice] [           main] [                                                 ] u.e.s.a.AccesscontrolserviceApplication  : Started AccesscontrolserviceApplication in 38.738 seconds (process running for 41.971)
2025-06-02T06:44:51.200-05:00  INFO 372079 --- [accesscontrolservice] [ntainer#0-0-C-1] [                                                 ] o.a.k.c.c.internals.ConsumerCoordinator  : [Consumer clientId=consumer-access-group-1, groupId=access-group] Discovered group coordinator localhost:29092 (id: 2147483646 rack: null)
2025-06-02T06:44:51.216-05:00  INFO 372079 --- [accesscontrolservice] [ntainer#0-0-C-1] [                                                 ] o.a.k.c.c.internals.ConsumerCoordinator  : [Consumer clientId=consumer-access-group-1, groupId=access-group] (Re-)joining group
2025-06-02T06:44:52.298-05:00  INFO 372079 --- [accesscontrolservice] [ntainer#0-0-C-1] [                                                 ] o.a.k.c.c.internals.ConsumerCoordinator  : [Consumer clientId=consumer-access-group-1, groupId=access-group] Request joining group due to: need to re-join with the given member-id: consumer-access-group-1-494b5c51-592a-479e-847f-bc9a5b6cb135
2025-06-02T06:44:52.299-05:00  INFO 372079 --- [accesscontrolservice] [ntainer#0-0-C-1] [                                                 ] o.a.k.c.c.internals.ConsumerCoordinator  : [Consumer clientId=consumer-access-group-1, groupId=access-group] (Re-)joining group
2025-06-02T06:44:56.344-05:00  INFO 372079 --- [accesscontrolservice] [ntainer#0-0-C-1] [                                                 ] o.a.k.c.c.internals.ConsumerCoordinator  : [Consumer clientId=consumer-access-group-1, groupId=access-group] Successfully joined group with generation Generation{generationId=1, memberId='consumer-access-group-1-494b5c51-592a-479e-847f-bc9a5b6cb135', protocol='range'}
2025-06-02T06:44:56.402-05:00  INFO 372079 --- [accesscontrolservice] [ntainer#0-0-C-1] [                                                 ] o.a.k.c.c.internals.ConsumerCoordinator  : [Consumer clientId=consumer-access-group-1, groupId=access-group] Finished assignment for group at generation 1: {consumer-access-group-1-494b5c51-592a-479e-847f-bc9a5b6cb135=Assignment(partitions=[access-events-0, access-events-1, access-events-2])}
2025-06-02T06:44:56.704-05:00  INFO 372079 --- [accesscontrolservice] [ntainer#0-0-C-1] [                                                 ] o.a.k.c.c.internals.ConsumerCoordinator  : [Consumer clientId=consumer-access-group-1, groupId=access-group] Successfully synced group in generation Generation{generationId=1, memberId='consumer-access-group-1-494b5c51-592a-479e-847f-bc9a5b6cb135', protocol='range'}
2025-06-02T06:44:56.710-05:00  INFO 372079 --- [accesscontrolservice] [ntainer#0-0-C-1] [                                                 ] o.a.k.c.c.internals.ConsumerCoordinator  : [Consumer clientId=consumer-access-group-1, groupId=access-group] Notifying assignor about the new Assignment(partitions=[access-events-0, access-events-1, access-events-2])
2025-06-02T06:44:56.720-05:00  INFO 372079 --- [accesscontrolservice] [ntainer#0-0-C-1] [                                                 ] k.c.c.i.ConsumerRebalanceListenerInvoker : [Consumer clientId=consumer-access-group-1, groupId=access-group] Adding newly assigned partitions: access-events-0, access-events-1, access-events-2
2025-06-02T06:44:57.058-05:00  INFO 372079 --- [accesscontrolservice] [ntainer#0-0-C-1] [                                                 ] o.a.k.c.c.internals.ConsumerCoordinator  : [Consumer clientId=consumer-access-group-1, groupId=access-group] Found no committed offset for partition access-events-2
2025-06-02T06:44:57.061-05:00  INFO 372079 --- [accesscontrolservice] [ntainer#0-0-C-1] [                                                 ] o.a.k.c.c.internals.ConsumerCoordinator  : [Consumer clientId=consumer-access-group-1, groupId=access-group] Found no committed offset for partition access-events-1
2025-06-02T06:44:57.061-05:00  INFO 372079 --- [accesscontrolservice] [ntainer#0-0-C-1] [                                                 ] o.a.k.c.c.internals.ConsumerCoordinator  : [Consumer clientId=consumer-access-group-1, groupId=access-group] Found no committed offset for partition access-events-0
2025-06-02T06:44:57.143-05:00  INFO 372079 --- [accesscontrolservice] [ntainer#0-0-C-1] [                                                 ] o.a.k.c.c.internals.SubscriptionState    : [Consumer clientId=consumer-access-group-1, groupId=access-group] Resetting offset for partition access-events-2 to position FetchPosition{offset=0, offsetEpoch=Optional.empty, currentLeader=LeaderAndEpoch{leader=Optional[localhost:29092 (id: 1 rack: null)], epoch=0}}.
2025-06-02T06:44:57.150-05:00  INFO 372079 --- [accesscontrolservice] [ntainer#0-0-C-1] [                                                 ] o.a.k.c.c.internals.SubscriptionState    : [Consumer clientId=consumer-access-group-1, groupId=access-group] Resetting offset for partition access-events-1 to position FetchPosition{offset=0, offsetEpoch=Optional.empty, currentLeader=LeaderAndEpoch{leader=Optional[localhost:29092 (id: 1 rack: null)], epoch=0}}.
2025-06-02T06:44:57.150-05:00  INFO 372079 --- [accesscontrolservice] [ntainer#0-0-C-1] [                                                 ] o.a.k.c.c.internals.SubscriptionState    : [Consumer clientId=consumer-access-group-1, groupId=access-group] Resetting offset for partition access-events-0 to position FetchPosition{offset=0, offsetEpoch=Optional.empty, currentLeader=LeaderAndEpoch{leader=Optional[localhost:29092 (id: 1 rack: null)], epoch=0}}.
2025-06-02T06:44:57.155-05:00  INFO 372079 --- [accesscontrolservice] [ntainer#0-0-C-1] [                                                 ] o.s.k.l.KafkaMessageListenerContainer    : access-group: partitions assigned: [access-events-0, access-events-1, access-events-2]
2025-06-02T06:44:59.405-05:00  INFO 372079 --- [accesscontrolservice] [ntainer#0-0-C-1] [                                                 ] u.e.s.a.q.i.kafka.AccessEventConsumer    : Processing access event: AccessEvent(employeeId=123456789, eventType=CHECK_IN, timestamp=2025-06-02T03:25:07.400933408)
2025-06-02T06:45:02.038-05:00  INFO 372079 --- [accesscontrolservice] [nio-8083-exec-2] [                                                 ] o.a.c.c.C.[Tomcat].[localhost].[/]       : Initializing Spring DispatcherServlet 'dispatcherServlet'
2025-06-02T06:45:02.038-05:00  INFO 372079 --- [accesscontrolservice] [nio-8083-exec-2] [                                                 ] o.s.web.servlet.DispatcherServlet        : Initializing Servlet 'dispatcherServlet'
2025-06-02T06:45:02.044-05:00  INFO 372079 --- [accesscontrolservice] [nio-8083-exec-2] [                                                 ] o.s.web.servlet.DispatcherServlet        : Completed initialization in 6 ms
2025-06-02T06:45:03.485-05:00  INFO 372079 --- [accesscontrolservice] [ntainer#0-0-C-1] [                                                 ] u.e.s.a.q.i.kafka.AccessEventConsumer    : Saved new CHECK_IN for employee: 123456789
2025-06-02T06:45:03.492-05:00  INFO 372079 --- [accesscontrolservice] [ntainer#0-0-C-1] [                                                 ] u.e.s.a.q.i.kafka.AccessEventConsumer    : Processing access event: AccessEvent(employeeId=123456789, eventType=CHECK_OUT, timestamp=2025-06-02T03:25:40.706838209)
2025-06-02T06:45:04.222-05:00  INFO 372079 --- [accesscontrolservice] [ntainer#0-0-C-1] [                                                 ] u.e.s.a.q.i.kafka.AccessEventConsumer    : Updated CHECK_IN with CHECK_OUT for employee: 123456789
2025-06-02T06:45:04.232-05:00  INFO 372079 --- [accesscontrolservice] [ntainer#0-0-C-1] [                                                 ] u.e.s.a.q.i.kafka.AccessEventConsumer    : Processing access event: AccessEvent(employeeId=123456789, eventType=CHECK_IN, timestamp=2025-06-02T03:29:53.579916740)
2025-06-02T06:45:04.249-05:00  INFO 372079 --- [accesscontrolservice] [ntainer#0-0-C-1] [                                                 ] u.e.s.a.q.i.kafka.AccessEventConsumer    : Saved new CHECK_IN for employee: 123456789
