
  .   ____          _            __ _ _
 /\\ / ___'_ __ _ _(_)_ __  __ _ \ \ \ \
( ( )\___ | '_ | '_| | '_ \/ _` | \ \ \ \
 \\/  ___)| |_)| | | | | || (_| |  ) ) ) )
  '  |____| .__|_| |_|_| |_\__, | / / / /
 =========|_|==============|___/=/_/_/_/

 :: Spring Boot ::                (v3.5.0)

2025-06-02T02:26:35.619-05:00  INFO 120503 --- [authservice] [           main] [                                                 ] e.u.s.a.AuthserviceApplication           : Starting AuthserviceApplication v0.0.1-SNAPSHOT using Java 17.0.15 with PID 120503 (/home/julian/Documentos/Software 2/Reto Segundo Corte/Auth Service/authservice/target/authservice-0.0.1-SNAPSHOT.jar started by julian in /home/julian/Documentos/Software 2/Reto Segundo Corte)
2025-06-02T02:26:35.676-05:00  INFO 120503 --- [authservice] [           main] [                                                 ] e.u.s.a.AuthserviceApplication           : No active profile set, falling back to 1 default profile: "default"
2025-06-02T02:26:50.097-05:00  INFO 120503 --- [authservice] [           main] [                                                 ] .s.d.r.c.RepositoryConfigurationDelegate : Bootstrapping Spring Data JPA repositories in DEFAULT mode.
2025-06-02T02:26:50.558-05:00  INFO 120503 --- [authservice] [           main] [                                                 ] .s.d.r.c.RepositoryConfigurationDelegate : Finished Spring Data repository scanning in 372 ms. Found 1 JPA repository interface.
2025-06-02T02:26:56.498-05:00  INFO 120503 --- [authservice] [           main] [                                                 ] o.s.b.w.embedded.tomcat.TomcatWebServer  : Tomcat initialized with port 8080 (http)
2025-06-02T02:26:56.627-05:00  INFO 120503 --- [authservice] [           main] [                                                 ] o.apache.catalina.core.StandardService   : Starting service [Tomcat]
2025-06-02T02:26:56.636-05:00  INFO 120503 --- [authservice] [           main] [                                                 ] o.apache.catalina.core.StandardEngine    : Starting Servlet engine: [Apache Tomcat/10.1.41]
2025-06-02T02:26:56.957-05:00  INFO 120503 --- [authservice] [           main] [                                                 ] o.a.c.c.C.[Tomcat].[localhost].[/]       : Initializing Spring embedded WebApplicationContext
2025-06-02T02:26:56.971-05:00  INFO 120503 --- [authservice] [           main] [                                                 ] w.s.c.ServletWebServerApplicationContext : Root WebApplicationContext: initialization completed in 20369 ms
2025-06-02T02:27:00.267-05:00  INFO 120503 --- [authservice] [           main] [                                                 ] o.hibernate.jpa.internal.util.LogHelper  : HHH000204: Processing PersistenceUnitInfo [name: default]
2025-06-02T02:27:01.650-05:00  INFO 120503 --- [authservice] [           main] [                                                 ] org.hibernate.Version                    : HHH000412: Hibernate ORM core version 6.6.15.Final
2025-06-02T02:27:02.069-05:00  INFO 120503 --- [authservice] [           main] [                                                 ] o.h.c.internal.RegionFactoryInitiator    : HHH000026: Second-level cache disabled
2025-06-02T02:27:04.652-05:00  INFO 120503 --- [authservice] [           main] [                                                 ] o.s.o.j.p.SpringPersistenceUnitInfo      : No LoadTimeWeaver setup: ignoring JPA class transformer
2025-06-02T02:27:04.787-05:00  WARN 120503 --- [authservice] [           main] [                                                 ] org.hibernate.orm.deprecation            : HHH90000021: Encountered deprecated setting [hibernate.temp.use_jdbc_metadata_defaults], use [hibernate.boot.allow_jdbc_metadata_access] instead
2025-06-02T02:27:04.940-05:00  WARN 120503 --- [authservice] [           main] [                                                 ] org.hibernate.orm.deprecation            : HHH90000025: PostgreSQLDialect does not need to be specified explicitly using 'hibernate.dialect' (remove the property setting and it will be selected by default)
2025-06-02T02:27:05.116-05:00  INFO 120503 --- [authservice] [           main] [                                                 ] org.hibernate.orm.connections.pooling    : HHH10001005: Database info:
	Database JDBC URL [undefined/unknown]
	Database driver: undefined/unknown
	Database version: 12.0
	Autocommit mode: undefined/unknown
	Isolation level: <unknown>
	Minimum pool size: undefined/unknown
	Maximum pool size: undefined/unknown
2025-06-02T02:27:11.548-05:00  INFO 120503 --- [authservice] [           main] [                                                 ] o.h.e.t.j.p.i.JtaPlatformInitiator       : HHH000489: No JTA platform available (set 'hibernate.transaction.jta.platform' to enable JTA platform integration)
2025-06-02T02:27:11.765-05:00  INFO 120503 --- [authservice] [           main] [                                                 ] com.zaxxer.hikari.HikariDataSource       : HikariPool-1 - Starting...
2025-06-02T02:27:12.953-05:00  INFO 120503 --- [authservice] [           main] [                                                 ] com.zaxxer.hikari.pool.HikariPool        : HikariPool-1 - Added connection org.postgresql.jdbc.PgConnection@4f3e65f4
2025-06-02T02:27:12.987-05:00  INFO 120503 --- [authservice] [           main] [                                                 ] com.zaxxer.hikari.HikariDataSource       : HikariPool-1 - Start completed.
2025-06-02T02:27:13.655-05:00  INFO 120503 --- [authservice] [           main] [                                                 ] j.LocalContainerEntityManagerFactoryBean : Initialized JPA EntityManagerFactory for persistence unit 'default'
2025-06-02T02:27:16.425-05:00  INFO 120503 --- [authservice] [           main] [                                                 ] eAuthenticationProviderManagerConfigurer : Global AuthenticationManager configured with AuthenticationProvider bean with name authenticationProvider
2025-06-02T02:27:16.426-05:00  WARN 120503 --- [authservice] [           main] [                                                 ] r$InitializeUserDetailsManagerConfigurer : Global AuthenticationManager configured with an AuthenticationProvider bean. UserDetailsService beans will not be used by Spring Security for automatically configuring username/password login. Consider removing the AuthenticationProvider bean. Alternatively, consider using the UserDetailsService in a manually instantiated DaoAuthenticationProvider. If the current configuration is intentional, to turn off this warning, increase the logging level of 'org.springframework.security.config.annotation.authentication.configuration.InitializeUserDetailsBeanManagerConfigurer' to ERROR
2025-06-02T02:27:17.203-05:00  WARN 120503 --- [authservice] [           main] [                                                 ] JpaBaseConfiguration$JpaWebConfiguration : spring.jpa.open-in-view is enabled by default. Therefore, database queries may be performed during view rendering. Explicitly configure spring.jpa.open-in-view to disable this warning
2025-06-02T02:27:19.745-05:00  INFO 120503 --- [authservice] [           main] [                                                 ] o.s.b.a.e.web.EndpointLinksResolver      : Exposing 4 endpoints beneath base path '/actuator'
2025-06-02T02:27:21.403-05:00  INFO 120503 --- [authservice] [           main] [                                                 ] o.s.v.b.OptionalValidatorFactoryBean     : Failed to set up a Bean Validation provider: jakarta.validation.NoProviderFoundException: Unable to create a Configuration, because no Jakarta Bean Validation provider could be found. Add a provider like Hibernate Validator (RI) to your classpath.
2025-06-02T02:27:23.580-05:00  INFO 120503 --- [authservice] [           main] [                                                 ] o.s.b.w.embedded.tomcat.TomcatWebServer  : Tomcat started on port 8080 (http) with context path '/'
2025-06-02T02:27:23.751-05:00  INFO 120503 --- [authservice] [           main] [                                                 ] e.u.s.a.AuthserviceApplication           : Started AuthserviceApplication in 56.011 seconds (process running for 62.461)
2025-06-02T02:27:28.204-05:00  INFO 120503 --- [authservice] [nio-8080-exec-2] [                                                 ] o.a.c.c.C.[Tomcat].[localhost].[/]       : Initializing Spring DispatcherServlet 'dispatcherServlet'
2025-06-02T02:27:28.205-05:00  INFO 120503 --- [authservice] [nio-8080-exec-2] [                                                 ] o.s.web.servlet.DispatcherServlet        : Initializing Servlet 'dispatcherServlet'
2025-06-02T02:27:28.221-05:00  INFO 120503 --- [authservice] [nio-8080-exec-2] [                                                 ] o.s.web.servlet.DispatcherServlet        : Completed initialization in 16 ms
2025-06-02T02:30:38.148-05:00 DEBUG 120503 --- [authservice] [nio-8080-exec-6] [683d5314e8c98988ed8040384134348a-e25c26bcb8e0963b] org.hibernate.SQL                        : 
    select
        count(*) 
    from
        login ue1_0 
    where
        ue1_0.id=?
Hibernate: 
    select
        count(*) 
    from
        login ue1_0 
    where
        ue1_0.id=?
2025-06-02T02:30:39.291-05:00 DEBUG 120503 --- [authservice] [nio-8080-exec-6] [683d5314e8c98988ed8040384134348a-e25c26bcb8e0963b] org.hibernate.SQL                        : 
    insert 
    into
        login
        (password, role, user_id) 
    values
        (?, ?, ?)
Hibernate: 
    insert 
    into
        login
        (password, role, user_id) 
    values
        (?, ?, ?)
2025-06-02T02:30:39.486-05:00  WARN 120503 --- [authservice] [nio-8080-exec-6] [683d5314e8c98988ed8040384134348a-e25c26bcb8e0963b] o.h.engine.jdbc.spi.SqlExceptionHelper   : SQL Error: 0, SQLState: 23505
2025-06-02T02:30:39.497-05:00 ERROR 120503 --- [authservice] [nio-8080-exec-6] [683d5314e8c98988ed8040384134348a-e25c26bcb8e0963b] o.h.engine.jdbc.spi.SqlExceptionHelper   : ERROR: duplicate key value violates unique constraint "uk_user_id"
  Detail: Key (user_id)=(1001) already exists.
2025-06-02T02:32:14.724-05:00  WARN 120503 --- [authservice] [nio-8080-exec-5] [683d537e176392a3de3b18820a09e7ec-24f5caac15172d34] .w.s.m.s.DefaultHandlerExceptionResolver : Resolved [org.springframework.web.HttpMediaTypeNotSupportedException: Content-Type 'text/plain;charset=UTF-8' is not supported]
2025-06-02T02:33:11.572-05:00  WARN 120503 --- [authservice] [nio-8080-exec-9] [683d53b7d5e36de4b95820baa5764609-3c11000c67237cbf] .w.s.m.s.DefaultHandlerExceptionResolver : Resolved [org.springframework.web.HttpMediaTypeNotSupportedException: Content-Type 'text/plain;charset=UTF-8' is not supported]
2025-06-02T02:33:23.574-05:00  WARN 120503 --- [authservice] [nio-8080-exec-1] [683d53c3f17581b0146b2e461e493bab-fd5d9662d1b42d16] .w.s.m.s.DefaultHandlerExceptionResolver : Resolved [org.springframework.web.HttpMediaTypeNotSupportedException: Content-Type 'text/plain;charset=UTF-8' is not supported]
2025-06-02T02:33:36.997-05:00 DEBUG 120503 --- [authservice] [nio-8080-exec-3] [683d53d0fe7ba6af799bfd85d9ee6d56-5e0ba8e2399d328e] org.hibernate.SQL                        : 
    select
        count(*) 
    from
        login ue1_0 
    where
        ue1_0.id=?
Hibernate: 
    select
        count(*) 
    from
        login ue1_0 
    where
        ue1_0.id=?
2025-06-02T02:33:37.011-05:00 DEBUG 120503 --- [authservice] [nio-8080-exec-3] [683d53d0fe7ba6af799bfd85d9ee6d56-5e0ba8e2399d328e] org.hibernate.SQL                        : 
    insert 
    into
        login
        (password, role, user_id) 
    values
        (?, ?, ?)
Hibernate: 
    insert 
    into
        login
        (password, role, user_id) 
    values
        (?, ?, ?)
2025-06-02T02:33:51.081-05:00  WARN 120503 --- [authservice] [nio-8080-exec-5] [683d53df4e2f69ab7f5017fb8abd826c-75e7aa4c7639b9ba] .w.s.m.s.DefaultHandlerExceptionResolver : Resolved [org.springframework.web.HttpMediaTypeNotSupportedException: Content-Type 'text/plain;charset=UTF-8' is not supported]
2025-06-02T02:34:04.486-05:00  WARN 120503 --- [authservice] [nio-8080-exec-7] [683d53eb807697f3403d103073e86fdb-38987cf56c55a2ea] .w.s.m.s.DefaultHandlerExceptionResolver : Resolved [org.springframework.web.HttpMediaTypeNotSupportedException: Content-Type 'text/plain;charset=UTF-8' is not supported]
2025-06-02T02:34:10.235-05:00  WARN 120503 --- [authservice] [nio-8080-exec-8] [683d53f217e108eafd8202eb269a8efd-08f2a48793954ac3] .w.s.m.s.DefaultHandlerExceptionResolver : Resolved [org.springframework.web.HttpMediaTypeNotSupportedException: Content-Type 'text/plain;charset=UTF-8' is not supported]
2025-06-02T02:34:25.515-05:00 DEBUG 120503 --- [authservice] [io-8080-exec-10] [683d54016527589f4c35feb384ddbf96-e02b4beec4774bdc] org.hibernate.SQL                        : 
    select
        ue1_0.id,
        ue1_0.password,
        ue1_0.role,
        ue1_0.user_id 
    from
        login ue1_0 
    where
        ue1_0.user_id=?
Hibernate: 
    select
        ue1_0.id,
        ue1_0.password,
        ue1_0.role,
        ue1_0.user_id 
    from
        login ue1_0 
    where
        ue1_0.user_id=?
2025-06-02T02:35:30.852-05:00 DEBUG 120503 --- [authservice] [io-8080-exec-10] [683d5442c6b8ffe47b1987d11bdcdf42-b81b81806e3014bb] org.hibernate.SQL                        : 
    select
        ue1_0.id,
        ue1_0.password,
        ue1_0.role,
        ue1_0.user_id 
    from
        login ue1_0 
    where
        ue1_0.user_id=?
Hibernate: 
    select
        ue1_0.id,
        ue1_0.password,
        ue1_0.role,
        ue1_0.user_id 
    from
        login ue1_0 
    where
        ue1_0.user_id=?
2025-06-02T02:35:31.074-05:00 DEBUG 120503 --- [authservice] [io-8080-exec-10] [683d5442c6b8ffe47b1987d11bdcdf42-b81b81806e3014bb] org.hibernate.SQL                        : 
    select
        ue1_0.id,
        ue1_0.password,
        ue1_0.role,
        ue1_0.user_id 
    from
        login ue1_0 
    where
        ue1_0.user_id=?
Hibernate: 
    select
        ue1_0.id,
        ue1_0.password,
        ue1_0.role,
        ue1_0.user_id 
    from
        login ue1_0 
    where
        ue1_0.user_id=?
2025-06-02T03:04:06.887-05:00  INFO 120503 --- [authservice] [ionShutdownHook] [                                                 ] o.s.b.w.e.tomcat.GracefulShutdown        : Commencing graceful shutdown. Waiting for active requests to complete
2025-06-02T03:04:06.971-05:00  INFO 120503 --- [authservice] [tomcat-shutdown] [                                                 ] o.s.b.w.e.tomcat.GracefulShutdown        : Graceful shutdown complete
2025-06-02T03:04:07.163-05:00  INFO 120503 --- [authservice] [ionShutdownHook] [                                                 ] j.LocalContainerEntityManagerFactoryBean : Closing JPA EntityManagerFactory for persistence unit 'default'
2025-06-02T03:04:07.278-05:00  INFO 120503 --- [authservice] [ionShutdownHook] [                                                 ] com.zaxxer.hikari.HikariDataSource       : HikariPool-1 - Shutdown initiated...
2025-06-02T03:04:07.317-05:00  INFO 120503 --- [authservice] [ionShutdownHook] [                                                 ] com.zaxxer.hikari.HikariDataSource       : HikariPool-1 - Shutdown completed.
