
  .   ____          _            __ _ _
 /\\ / ___'_ __ _ _(_)_ __  __ _ \ \ \ \
( ( )\___ | '_ | '_| | '_ \/ _` | \ \ \ \
 \\/  ___)| |_)| | | | | || (_| |  ) ) ) )
  '  |____| .__|_| |_|_| |_\__, | / / / /
 =========|_|==============|___/=/_/_/_/

 :: Spring Boot ::                (v3.5.0)

2025-06-02T06:44:58.476-05:00  INFO 372788 --- [reportingservice] [           main] [                                                 ] u.e.s.r.ReportingserviceApplication      : Starting ReportingserviceApplication v0.0.1-SNAPSHOT using Java 17.0.15 with PID 372788 (/home/julian/Documentos/Software 2/Papelera reto segundo corte/Reto-Segundo-Corte/Reporting Service/reportingservice/target/reportingservice-0.0.1-SNAPSHOT.jar started by julian in /home/julian/Documentos/Software 2/Papelera reto segundo corte/Reto-Segundo-Corte)
2025-06-02T06:44:58.490-05:00  INFO 372788 --- [reportingservice] [           main] [                                                 ] u.e.s.r.ReportingserviceApplication      : No active profile set, falling back to 1 default profile: "default"
2025-06-02T06:45:07.695-05:00  INFO 372788 --- [reportingservice] [           main] [                                                 ] .s.d.r.c.RepositoryConfigurationDelegate : Bootstrapping Spring Data MongoDB repositories in DEFAULT mode.
2025-06-02T06:45:07.854-05:00  INFO 372788 --- [reportingservice] [           main] [                                                 ] .s.d.r.c.RepositoryConfigurationDelegate : Finished Spring Data repository scanning in 140 ms. Found 1 MongoDB repository interface.
2025-06-02T06:45:09.789-05:00  INFO 372788 --- [reportingservice] [           main] [                                                 ] o.s.b.w.embedded.tomcat.TomcatWebServer  : Tomcat initialized with port 8084 (http)
2025-06-02T06:45:09.831-05:00  INFO 372788 --- [reportingservice] [           main] [                                                 ] o.apache.catalina.core.StandardService   : Starting service [Tomcat]
2025-06-02T06:45:09.832-05:00  INFO 372788 --- [reportingservice] [           main] [                                                 ] o.apache.catalina.core.StandardEngine    : Starting Servlet engine: [Apache Tomcat/10.1.41]
2025-06-02T06:45:09.944-05:00  INFO 372788 --- [reportingservice] [           main] [                                                 ] o.a.c.c.C.[Tomcat].[localhost].[/]       : Initializing Spring embedded WebApplicationContext
2025-06-02T06:45:09.948-05:00  INFO 372788 --- [reportingservice] [           main] [                                                 ] w.s.c.ServletWebServerApplicationContext : Root WebApplicationContext: initialization completed in 11114 ms
2025-06-02T06:45:11.963-05:00  INFO 372788 --- [reportingservice] [           main] [                                                 ] org.mongodb.driver.client                : MongoClient with metadata {"driver": {"name": "mongo-java-driver|sync|spring-boot", "version": "5.4.0"}, "os": {"type": "Linux", "name": "Linux", "architecture": "amd64", "version": "6.11.0-26-generic"}, "platform": "Java/Ubuntu/17.0.15+6-Ubuntu-0ubuntu124.04"} created with settings MongoClientSettings{readPreference=primary, writeConcern=WriteConcern{w=null, wTimeout=null ms, journal=null}, retryWrites=true, retryReads=true, readConcern=ReadConcern{level=null}, credential=MongoCredential{mechanism=null, userName='admin', source='admin', password=<hidden>, mechanismProperties=<hidden>}, transportSettings=null, commandListeners=[io.micrometer.core.instrument.binder.mongodb.MongoMetricsCommandListener@5cf0673d], codecRegistry=ProvidersCodecRegistry{codecProviders=[ValueCodecProvider{}, BsonValueCodecProvider{}, DBRefCodecProvider{}, DBObjectCodecProvider{}, DocumentCodecProvider{}, CollectionCodecProvider{}, IterableCodecProvider{}, MapCodecProvider{}, GeoJsonCodecProvider{}, GridFSFileCodecProvider{}, Jsr310CodecProvider{}, JsonObjectCodecProvider{}, BsonCodecProvider{}, EnumCodecProvider{}, com.mongodb.client.model.mql.ExpressionCodecProvider@62faf77, com.mongodb.Jep395RecordCodecProvider@1f39269d, com.mongodb.KotlinCodecProvider@6e321d9d]}, loggerSettings=LoggerSettings{maxDocumentLength=1000}, clusterSettings={hosts=[localhost:27018], srvServiceName=mongodb, mode=SINGLE, requiredClusterType=UNKNOWN, requiredReplicaSetName='null', serverSelector='null', clusterListeners='[]', serverSelectionTimeout='30000 ms', localThreshold='15 ms'}, socketSettings=SocketSettings{connectTimeoutMS=10000, readTimeoutMS=0, receiveBufferSize=0, proxySettings=ProxySettings{host=null, port=null, username=null, password=null}}, heartbeatSocketSettings=SocketSettings{connectTimeoutMS=10000, readTimeoutMS=10000, receiveBufferSize=0, proxySettings=ProxySettings{host=null, port=null, username=null, password=null}}, connectionPoolSettings=ConnectionPoolSettings{maxSize=100, minSize=0, maxWaitTimeMS=120000, maxConnectionLifeTimeMS=0, maxConnectionIdleTimeMS=0, maintenanceInitialDelayMS=0, maintenanceFrequencyMS=60000, connectionPoolListeners=[io.micrometer.core.instrument.binder.mongodb.MongoMetricsConnectionPoolListener@597a7afa], maxConnecting=2}, serverSettings=ServerSettings{heartbeatFrequencyMS=10000, minHeartbeatFrequencyMS=500, serverMonitoringMode=AUTO, serverListeners='[]', serverMonitorListeners='[]'}, sslSettings=SslSettings{enabled=false, invalidHostNameAllowed=false, context=null}, applicationName='null', compressorList=[], uuidRepresentation=JAVA_LEGACY, serverApi=null, autoEncryptionSettings=null, dnsClient=null, inetAddressResolver=null, contextProvider=null, timeoutMS=null}
2025-06-02T06:45:12.044-05:00  INFO 372788 --- [reportingservice] [localhost:27018] [                                                 ] org.mongodb.driver.cluster               : Monitor thread successfully connected to server with description ServerDescription{address=localhost:27018, type=STANDALONE, cryptd=false, state=CONNECTED, ok=true, minWireVersion=0, maxWireVersion=9, maxDocumentSize=16777216, logicalSessionTimeoutMinutes=30, roundTripTimeNanos=103425042, minRoundTripTimeNanos=0}
2025-06-02T06:45:12.302-05:00  WARN 372788 --- [reportingservice] [           main] [                                                 ] o.s.data.convert.CustomConversions       : Registering converter from interface java.util.List to interface org.springframework.data.domain.Vector as reading converter although it doesn't convert from a store-supported type; You might want to check your annotation setup at the converter implementation
2025-06-02T06:45:12.550-05:00  WARN 372788 --- [reportingservice] [           main] [                                                 ] o.s.data.convert.CustomConversions       : Registering converter from interface java.util.List to interface org.springframework.data.domain.Vector as reading converter although it doesn't convert from a store-supported type; You might want to check your annotation setup at the converter implementation
2025-06-02T06:45:13.261-05:00  INFO 372788 --- [reportingservice] [           main] [                                                 ] o.a.k.clients.consumer.ConsumerConfig    : ConsumerConfig values: 
	allow.auto.create.topics = true
	auto.commit.interval.ms = 5000
	auto.include.jmx.reporter = true
	auto.offset.reset = earliest
	bootstrap.servers = [localhost:29092]
	check.crcs = true
	client.dns.lookup = use_all_dns_ips
	client.id = consumer-reporting-group-1
	client.rack = 
	connections.max.idle.ms = 540000
	default.api.timeout.ms = 60000
	enable.auto.commit = true
	enable.metrics.push = true
	exclude.internal.topics = true
	fetch.max.bytes = 52428800
	fetch.max.wait.ms = 500
	fetch.min.bytes = 1
	group.id = reporting-group
	group.instance.id = null
	group.protocol = classic
	group.remote.assignor = null
	heartbeat.interval.ms = 3000
	interceptor.classes = []
	internal.leave.group.on.close = true
	internal.throw.on.fetch.stable.offset.unsupported = false
	isolation.level = read_uncommitted
	key.deserializer = class org.apache.kafka.common.serialization.StringDeserializer
	max.partition.fetch.bytes = 1048576
	max.poll.interval.ms = 300000
	max.poll.records = 500
	metadata.max.age.ms = 300000
	metadata.recovery.strategy = none
	metric.reporters = []
	metrics.num.samples = 2
	metrics.recording.level = INFO
	metrics.sample.window.ms = 30000
	partition.assignment.strategy = [class org.apache.kafka.clients.consumer.RangeAssignor, class org.apache.kafka.clients.consumer.CooperativeStickyAssignor]
	receive.buffer.bytes = 65536
	reconnect.backoff.max.ms = 1000
	reconnect.backoff.ms = 50
	request.timeout.ms = 30000
	retry.backoff.max.ms = 1000
	retry.backoff.ms = 100
	sasl.client.callback.handler.class = null
	sasl.jaas.config = null
	sasl.kerberos.kinit.cmd = /usr/bin/kinit
	sasl.kerberos.min.time.before.relogin = 60000
	sasl.kerberos.service.name = null
	sasl.kerberos.ticket.renew.jitter = 0.05
	sasl.kerberos.ticket.renew.window.factor = 0.8
	sasl.login.callback.handler.class = null
	sasl.login.class = null
	sasl.login.connect.timeout.ms = null
	sasl.login.read.timeout.ms = null
	sasl.login.refresh.buffer.seconds = 300
	sasl.login.refresh.min.period.seconds = 60
	sasl.login.refresh.window.factor = 0.8
	sasl.login.refresh.window.jitter = 0.05
	sasl.login.retry.backoff.max.ms = 10000
	sasl.login.retry.backoff.ms = 100
	sasl.mechanism = GSSAPI
	sasl.oauthbearer.clock.skew.seconds = 30
	sasl.oauthbearer.expected.audience = null
	sasl.oauthbearer.expected.issuer = null
	sasl.oauthbearer.header.urlencode = false
	sasl.oauthbearer.jwks.endpoint.refresh.ms = 3600000
	sasl.oauthbearer.jwks.endpoint.retry.backoff.max.ms = 10000
	sasl.oauthbearer.jwks.endpoint.retry.backoff.ms = 100
	sasl.oauthbearer.jwks.endpoint.url = null
	sasl.oauthbearer.scope.claim.name = scope
	sasl.oauthbearer.sub.claim.name = sub
	sasl.oauthbearer.token.endpoint.url = null
	security.protocol = PLAINTEXT
	security.providers = null
	send.buffer.bytes = 131072
	session.timeout.ms = 45000
	socket.connection.setup.timeout.max.ms = 30000
	socket.connection.setup.timeout.ms = 10000
	ssl.cipher.suites = null
	ssl.enabled.protocols = [TLSv1.2, TLSv1.3]
	ssl.endpoint.identification.algorithm = https
	ssl.engine.factory.class = null
	ssl.key.password = null
	ssl.keymanager.algorithm = SunX509
	ssl.keystore.certificate.chain = null
	ssl.keystore.key = null
	ssl.keystore.location = null
	ssl.keystore.password = null
	ssl.keystore.type = JKS
	ssl.protocol = TLSv1.3
	ssl.provider = null
	ssl.secure.random.implementation = null
	ssl.trustmanager.algorithm = PKIX
	ssl.truststore.certificates = null
	ssl.truststore.location = null
	ssl.truststore.password = null
	ssl.truststore.type = JKS
	value.deserializer = class org.springframework.kafka.support.serializer.JsonDeserializer

2025-06-02T06:45:13.418-05:00  INFO 372788 --- [reportingservice] [           main] [                                                 ] o.a.k.c.t.i.KafkaMetricsCollector        : initializing Kafka metrics collector
2025-06-02T06:45:14.441-05:00  INFO 372788 --- [reportingservice] [           main] [                                                 ] o.a.kafka.common.utils.AppInfoParser     : Kafka version: 3.9.1
2025-06-02T06:45:14.448-05:00  INFO 372788 --- [reportingservice] [           main] [                                                 ] o.a.kafka.common.utils.AppInfoParser     : Kafka commitId: f745dfdcee2b9851
2025-06-02T06:45:14.450-05:00  INFO 372788 --- [reportingservice] [           main] [                                                 ] o.a.kafka.common.utils.AppInfoParser     : Kafka startTimeMs: 1748864714425
2025-06-02T06:45:14.486-05:00  INFO 372788 --- [reportingservice] [           main] [                                                 ] o.a.k.c.c.i.ClassicKafkaConsumer         : [Consumer clientId=consumer-reporting-group-1, groupId=reporting-group] Subscribed to topic(s): access-events
2025-06-02T06:45:17.359-05:00  INFO 372788 --- [reportingservice] [           main] [                                                 ] o.s.b.a.e.web.EndpointLinksResolver      : Exposing 4 endpoints beneath base path '/actuator'
2025-06-02T06:45:17.589-05:00  WARN 372788 --- [reportingservice] [           main] [                                                 ] .s.s.UserDetailsServiceAutoConfiguration : 

Using generated security password: 4d4e52ba-b193-4273-b350-f953fd71dafc

This generated password is for development use only. Your security configuration must be updated before running your application in production.

2025-06-02T06:45:17.643-05:00  INFO 372788 --- [reportingservice] [           main] [                                                 ] r$InitializeUserDetailsManagerConfigurer : Global AuthenticationManager configured with UserDetailsService bean with name inMemoryUserDetailsManager
2025-06-02T06:45:18.377-05:00  INFO 372788 --- [reportingservice] [           main] [                                                 ] o.s.v.b.OptionalValidatorFactoryBean     : Failed to set up a Bean Validation provider: jakarta.validation.NoProviderFoundException: Unable to create a Configuration, because no Jakarta Bean Validation provider could be found. Add a provider like Hibernate Validator (RI) to your classpath.
2025-06-02T06:45:19.678-05:00  INFO 372788 --- [reportingservice] [           main] [                                                 ] o.a.k.clients.admin.AdminClientConfig    : AdminClientConfig values: 
	auto.include.jmx.reporter = true
	bootstrap.controllers = []
	bootstrap.servers = [localhost:29092]
	client.dns.lookup = use_all_dns_ips
	client.id = reportingservice-admin-0
	connections.max.idle.ms = 300000
	default.api.timeout.ms = 60000
	enable.metrics.push = true
	metadata.max.age.ms = 300000
	metadata.recovery.strategy = none
	metric.reporters = []
	metrics.num.samples = 2
	metrics.recording.level = INFO
	metrics.sample.window.ms = 30000
	receive.buffer.bytes = 65536
	reconnect.backoff.max.ms = 1000
	reconnect.backoff.ms = 50
	request.timeout.ms = 30000
	retries = 2147483647
	retry.backoff.max.ms = 1000
	retry.backoff.ms = 100
	sasl.client.callback.handler.class = null
	sasl.jaas.config = null
	sasl.kerberos.kinit.cmd = /usr/bin/kinit
	sasl.kerberos.min.time.before.relogin = 60000
	sasl.kerberos.service.name = null
	sasl.kerberos.ticket.renew.jitter = 0.05
	sasl.kerberos.ticket.renew.window.factor = 0.8
	sasl.login.callback.handler.class = null
	sasl.login.class = null
	sasl.login.connect.timeout.ms = null
	sasl.login.read.timeout.ms = null
	sasl.login.refresh.buffer.seconds = 300
	sasl.login.refresh.min.period.seconds = 60
	sasl.login.refresh.window.factor = 0.8
	sasl.login.refresh.window.jitter = 0.05
	sasl.login.retry.backoff.max.ms = 10000
	sasl.login.retry.backoff.ms = 100
	sasl.mechanism = GSSAPI
	sasl.oauthbearer.clock.skew.seconds = 30
	sasl.oauthbearer.expected.audience = null
	sasl.oauthbearer.expected.issuer = null
	sasl.oauthbearer.header.urlencode = false
	sasl.oauthbearer.jwks.endpoint.refresh.ms = 3600000
	sasl.oauthbearer.jwks.endpoint.retry.backoff.max.ms = 10000
	sasl.oauthbearer.jwks.endpoint.retry.backoff.ms = 100
	sasl.oauthbearer.jwks.endpoint.url = null
	sasl.oauthbearer.scope.claim.name = scope
	sasl.oauthbearer.sub.claim.name = sub
	sasl.oauthbearer.token.endpoint.url = null
	security.protocol = PLAINTEXT
	security.providers = null
	send.buffer.bytes = 131072
	socket.connection.setup.timeout.max.ms = 30000
	socket.connection.setup.timeout.ms = 10000
	ssl.cipher.suites = null
	ssl.enabled.protocols = [TLSv1.2, TLSv1.3]
	ssl.endpoint.identification.algorithm = https
	ssl.engine.factory.class = null
	ssl.key.password = null
	ssl.keymanager.algorithm = SunX509
	ssl.keystore.certificate.chain = null
	ssl.keystore.key = null
	ssl.keystore.location = null
	ssl.keystore.password = null
	ssl.keystore.type = JKS
	ssl.protocol = TLSv1.3
	ssl.provider = null
	ssl.secure.random.implementation = null
	ssl.trustmanager.algorithm = PKIX
	ssl.truststore.certificates = null
	ssl.truststore.location = null
	ssl.truststore.password = null
	ssl.truststore.type = JKS

2025-06-02T06:45:19.764-05:00  INFO 372788 --- [reportingservice] [           main] [                                                 ] o.a.kafka.common.utils.AppInfoParser     : Kafka version: 3.9.1
2025-06-02T06:45:19.765-05:00  INFO 372788 --- [reportingservice] [           main] [                                                 ] o.a.kafka.common.utils.AppInfoParser     : Kafka commitId: f745dfdcee2b9851
2025-06-02T06:45:19.766-05:00  INFO 372788 --- [reportingservice] [           main] [                                                 ] o.a.kafka.common.utils.AppInfoParser     : Kafka startTimeMs: 1748864719764
2025-06-02T06:45:21.436-05:00  INFO 372788 --- [reportingservice] [service-admin-0] [                                                 ] o.a.kafka.common.utils.AppInfoParser     : App info kafka.admin.client for reportingservice-admin-0 unregistered
2025-06-02T06:45:21.449-05:00  INFO 372788 --- [reportingservice] [service-admin-0] [                                                 ] o.apache.kafka.common.metrics.Metrics    : Metrics scheduler closed
2025-06-02T06:45:21.449-05:00  INFO 372788 --- [reportingservice] [service-admin-0] [                                                 ] o.apache.kafka.common.metrics.Metrics    : Closing reporter org.apache.kafka.common.metrics.JmxReporter
2025-06-02T06:45:21.449-05:00  INFO 372788 --- [reportingservice] [service-admin-0] [                                                 ] o.apache.kafka.common.metrics.Metrics    : Metrics reporters closed
2025-06-02T06:45:21.491-05:00  INFO 372788 --- [reportingservice] [           main] [                                                 ] o.s.b.w.embedded.tomcat.TomcatWebServer  : Tomcat started on port 8084 (http) with context path '/'
2025-06-02T06:45:21.586-05:00  INFO 372788 --- [reportingservice] [           main] [                                                 ] u.e.s.r.ReportingserviceApplication      : Started ReportingserviceApplication in 25.474 seconds (process running for 27.389)
2025-06-02T06:45:21.744-05:00  INFO 372788 --- [reportingservice] [   scheduling-1] [683d8ed1ee5d5eb5dfea6adb3397e9b2-dfea6adb3397e9b2] org.apache.kafka.clients.Metadata        : [Consumer clientId=consumer-reporting-group-1, groupId=reporting-group] Cluster ID: za38rWACTWWQx8dhVRvrLg
2025-06-02T06:45:21.758-05:00  INFO 372788 --- [reportingservice] [   scheduling-1] [683d8ed1ee5d5eb5dfea6adb3397e9b2-dfea6adb3397e9b2] o.a.k.c.c.internals.ConsumerCoordinator  : [Consumer clientId=consumer-reporting-group-1, groupId=reporting-group] Discovered group coordinator localhost:29092 (id: 2147483646 rack: null)
2025-06-02T06:45:21.787-05:00  INFO 372788 --- [reportingservice] [   scheduling-1] [683d8ed1ee5d5eb5dfea6adb3397e9b2-dfea6adb3397e9b2] o.a.k.c.c.internals.ConsumerCoordinator  : [Consumer clientId=consumer-reporting-group-1, groupId=reporting-group] (Re-)joining group
2025-06-02T06:45:23.093-05:00  INFO 372788 --- [reportingservice] [nio-8084-exec-1] [                                                 ] o.a.c.c.C.[Tomcat].[localhost].[/]       : Initializing Spring DispatcherServlet 'dispatcherServlet'
2025-06-02T06:45:23.093-05:00  INFO 372788 --- [reportingservice] [nio-8084-exec-1] [                                                 ] o.s.web.servlet.DispatcherServlet        : Initializing Servlet 'dispatcherServlet'
2025-06-02T06:45:23.097-05:00  INFO 372788 --- [reportingservice] [nio-8084-exec-1] [                                                 ] o.s.web.servlet.DispatcherServlet        : Completed initialization in 3 ms
2025-06-02T06:45:31.564-05:00  INFO 372788 --- [reportingservice] [   scheduling-1] [683d8edbb8e804f35a148593565f71f2-5a148593565f71f2] o.a.k.c.c.internals.ConsumerCoordinator  : [Consumer clientId=consumer-reporting-group-1, groupId=reporting-group] Request joining group due to: need to re-join with the given member-id: consumer-reporting-group-1-0c471e0d-ce05-4f6a-a0df-3320d6cf890b
2025-06-02T06:45:31.565-05:00  INFO 372788 --- [reportingservice] [   scheduling-1] [683d8edbb8e804f35a148593565f71f2-5a148593565f71f2] o.a.k.c.c.internals.ConsumerCoordinator  : [Consumer clientId=consumer-reporting-group-1, groupId=reporting-group] (Re-)joining group
2025-06-02T06:45:36.561-05:00  INFO 372788 --- [reportingservice] [   scheduling-1] [683d8ee05e7cfe2cdd9c8721588a445a-dd9c8721588a445a] o.a.k.c.c.internals.ConsumerCoordinator  : [Consumer clientId=consumer-reporting-group-1, groupId=reporting-group] Successfully joined group with generation Generation{generationId=7, memberId='consumer-reporting-group-1-0c471e0d-ce05-4f6a-a0df-3320d6cf890b', protocol='range'}
2025-06-02T06:45:36.656-05:00  INFO 372788 --- [reportingservice] [   scheduling-1] [683d8ee05e7cfe2cdd9c8721588a445a-dd9c8721588a445a] o.a.k.c.c.internals.ConsumerCoordinator  : [Consumer clientId=consumer-reporting-group-1, groupId=reporting-group] Finished assignment for group at generation 7: {consumer-reporting-group-1-0c471e0d-ce05-4f6a-a0df-3320d6cf890b=Assignment(partitions=[access-events-0, access-events-1, access-events-2])}
2025-06-02T06:45:36.891-05:00  INFO 372788 --- [reportingservice] [reporting-group] [                                                 ] o.a.k.c.c.internals.ConsumerCoordinator  : [Consumer clientId=consumer-reporting-group-1, groupId=reporting-group] Successfully synced group in generation Generation{generationId=7, memberId='consumer-reporting-group-1-0c471e0d-ce05-4f6a-a0df-3320d6cf890b', protocol='range'}
2025-06-02T06:45:41.558-05:00  INFO 372788 --- [reportingservice] [   scheduling-1] [683d8ee50cb07bcbea1e232c869de355-ea1e232c869de355] o.a.k.c.c.internals.ConsumerCoordinator  : [Consumer clientId=consumer-reporting-group-1, groupId=reporting-group] Notifying assignor about the new Assignment(partitions=[access-events-0, access-events-1, access-events-2])
2025-06-02T06:45:41.621-05:00  INFO 372788 --- [reportingservice] [   scheduling-1] [683d8ee50cb07bcbea1e232c869de355-ea1e232c869de355] k.c.c.i.ConsumerRebalanceListenerInvoker : [Consumer clientId=consumer-reporting-group-1, groupId=reporting-group] Adding newly assigned partitions: access-events-0, access-events-1, access-events-2
2025-06-02T06:45:41.698-05:00  WARN 372788 --- [reportingservice] [   scheduling-1] [683d8ee50cb07bcbea1e232c869de355-ea1e232c869de355] i.m.core.instrument.MeterRegistry        : This Gauge has been already registered (MeterId{name='kafka.consumer.consumer_fetch_manager_metrics.preferred_read_replica', tags=[tag(application=reportingservice)]}), the registration will be ignored. Note that subsequent logs will be logged at debug level.
2025-06-02T06:45:41.786-05:00  INFO 372788 --- [reportingservice] [   scheduling-1] [683d8ee52b87c14b3666decc2f1acb23-3666decc2f1acb23] o.a.k.c.c.internals.ConsumerUtils        : Setting offset for partition access-events-2 to the committed offset FetchPosition{offset=0, offsetEpoch=Optional.empty, currentLeader=LeaderAndEpoch{leader=Optional[localhost:29092 (id: 1 rack: null)], epoch=0}}
2025-06-02T06:45:41.787-05:00  INFO 372788 --- [reportingservice] [   scheduling-1] [683d8ee52b87c14b3666decc2f1acb23-3666decc2f1acb23] o.a.k.c.c.internals.ConsumerUtils        : Setting offset for partition access-events-1 to the committed offset FetchPosition{offset=0, offsetEpoch=Optional.empty, currentLeader=LeaderAndEpoch{leader=Optional[localhost:29092 (id: 1 rack: null)], epoch=0}}
2025-06-02T06:45:41.792-05:00  INFO 372788 --- [reportingservice] [   scheduling-1] [683d8ee52b87c14b3666decc2f1acb23-3666decc2f1acb23] o.a.k.c.c.internals.ConsumerUtils        : Setting offset for partition access-events-0 to the committed offset FetchPosition{offset=0, offsetEpoch=Optional.empty, currentLeader=LeaderAndEpoch{leader=Optional[localhost:29092 (id: 1 rack: null)], epoch=0}}
2025-06-02T06:45:42.012-05:00 ERROR 372788 --- [reportingservice] [   scheduling-1] [683d8ee52b87c14b3666decc2f1acb23-3666decc2f1acb23] o.a.k.c.c.internals.CompletedFetch       : [Consumer clientId=consumer-reporting-group-1, groupId=reporting-group] Value Deserializers with error: Deserializers{keyDeserializer=org.apache.kafka.common.serialization.StringDeserializer@835d4b, valueDeserializer=org.springframework.kafka.support.serializer.JsonDeserializer@4968cfc9}
Error in Kafka metrics polling: Error deserializing VALUE for partition access-events-0 at offset 0. If needed, please seek past the record to continue consumption.
2025-06-02T06:45:51.591-05:00 ERROR 372788 --- [reportingservice] [   scheduling-1] [683d8eefdee3768d1cb3cf1af77fe7b2-1cb3cf1af77fe7b2] o.a.k.c.c.internals.CompletedFetch       : [Consumer clientId=consumer-reporting-group-1, groupId=reporting-group] Value Deserializers with error: Deserializers{keyDeserializer=org.apache.kafka.common.serialization.StringDeserializer@835d4b, valueDeserializer=org.springframework.kafka.support.serializer.JsonDeserializer@4968cfc9}
Error in Kafka metrics polling: Error deserializing VALUE for partition access-events-0 at offset 0. If needed, please seek past the record to continue consumption.
2025-06-02T06:46:01.565-05:00 ERROR 372788 --- [reportingservice] [   scheduling-1] [683d8ef93374f1478c06635b9cba10c4-8c06635b9cba10c4] o.a.k.c.c.internals.CompletedFetch       : [Consumer clientId=consumer-reporting-group-1, groupId=reporting-group] Value Deserializers with error: Deserializers{keyDeserializer=org.apache.kafka.common.serialization.StringDeserializer@835d4b, valueDeserializer=org.springframework.kafka.support.serializer.JsonDeserializer@4968cfc9}
Error in Kafka metrics polling: Error deserializing VALUE for partition access-events-0 at offset 0. If needed, please seek past the record to continue consumption.
2025-06-02T06:46:11.560-05:00 ERROR 372788 --- [reportingservice] [   scheduling-1] [683d8f0314a891071483c45b87d20f2b-1483c45b87d20f2b] o.a.k.c.c.internals.CompletedFetch       : [Consumer clientId=consumer-reporting-group-1, groupId=reporting-group] Value Deserializers with error: Deserializers{keyDeserializer=org.apache.kafka.common.serialization.StringDeserializer@835d4b, valueDeserializer=org.springframework.kafka.support.serializer.JsonDeserializer@4968cfc9}
Error in Kafka metrics polling: Error deserializing VALUE for partition access-events-0 at offset 0. If needed, please seek past the record to continue consumption.
2025-06-02T06:46:21.564-05:00 ERROR 372788 --- [reportingservice] [   scheduling-1] [683d8f0d4b204506cb7f6f03d1b1dc80-cb7f6f03d1b1dc80] o.a.k.c.c.internals.CompletedFetch       : [Consumer clientId=consumer-reporting-group-1, groupId=reporting-group] Value Deserializers with error: Deserializers{keyDeserializer=org.apache.kafka.common.serialization.StringDeserializer@835d4b, valueDeserializer=org.springframework.kafka.support.serializer.JsonDeserializer@4968cfc9}
Error in Kafka metrics polling: Error deserializing VALUE for partition access-events-0 at offset 0. If needed, please seek past the record to continue consumption.
2025-06-02T06:46:31.561-05:00 ERROR 372788 --- [reportingservice] [   scheduling-1] [683d8f1774c89188d3583ee6f85b6190-d3583ee6f85b6190] o.a.k.c.c.internals.CompletedFetch       : [Consumer clientId=consumer-reporting-group-1, groupId=reporting-group] Value Deserializers with error: Deserializers{keyDeserializer=org.apache.kafka.common.serialization.StringDeserializer@835d4b, valueDeserializer=org.springframework.kafka.support.serializer.JsonDeserializer@4968cfc9}
Error in Kafka metrics polling: Error deserializing VALUE for partition access-events-0 at offset 0. If needed, please seek past the record to continue consumption.
2025-06-02T06:46:41.559-05:00 ERROR 372788 --- [reportingservice] [   scheduling-1] [683d8f2169b7856893dc8e35dcad63bd-93dc8e35dcad63bd] o.a.k.c.c.internals.CompletedFetch       : [Consumer clientId=consumer-reporting-group-1, groupId=reporting-group] Value Deserializers with error: Deserializers{keyDeserializer=org.apache.kafka.common.serialization.StringDeserializer@835d4b, valueDeserializer=org.springframework.kafka.support.serializer.JsonDeserializer@4968cfc9}
Error in Kafka metrics polling: Error deserializing VALUE for partition access-events-0 at offset 0. If needed, please seek past the record to continue consumption.
2025-06-02T06:46:51.561-05:00 ERROR 372788 --- [reportingservice] [   scheduling-1] [683d8f2b8cb945acda9571bb5ea0bc50-da9571bb5ea0bc50] o.a.k.c.c.internals.CompletedFetch       : [Consumer clientId=consumer-reporting-group-1, groupId=reporting-group] Value Deserializers with error: Deserializers{keyDeserializer=org.apache.kafka.common.serialization.StringDeserializer@835d4b, valueDeserializer=org.springframework.kafka.support.serializer.JsonDeserializer@4968cfc9}
Error in Kafka metrics polling: Error deserializing VALUE for partition access-events-0 at offset 0. If needed, please seek past the record to continue consumption.
